c:\users\thinkpad\source\repos\httpssp\windowsproject4\x64\debug\vc141.pdb
c:\users\thinkpad\source\repos\httpssp\windowsproject4\x64\debug\vc141.idb
c:\users\thinkpad\source\repos\httpssp\windowsproject4\x64\debug\windowsproject4.obj
c:\users\thinkpad\source\repos\httpssp\x64\debug\windowsproject4.ilk
c:\users\thinkpad\source\repos\httpssp\x64\debug\windowsproject4.exe
c:\users\thinkpad\source\repos\httpssp\x64\debug\windowsproject4.pdb
c:\users\thinkpad\source\repos\httpssp\windowsproject4\x64\debug\windowsproject4.res
c:\users\thinkpad\source\repos\httpssp\windowsproject4\x64\debug\vcpkg.applocal.log
c:\users\thinkpad\desktop\my\myscript\misc\iis_backdoor\windowsproject4\x64\debug\windowsproject4.obj
c:\users\thinkpad\desktop\my\myscript\misc\iis_backdoor\windowsproject4\x64\debug\windowsproject4.res
c:\users\thinkpad\desktop\my\myscript\misc\iis_backdoor\windowsproject4\x64\debug\vc141.idb
c:\users\thinkpad\desktop\my\myscript\misc\iis_backdoor\windowsproject4\x64\debug\vc141.pdb
c:\users\thinkpad\desktop\my\myscript\misc\iis_backdoor\x64\debug\windowsproject4.pdb
c:\users\thinkpad\desktop\my\myscript\misc\iis_backdoor\x64\debug\windowsproject4.exe
c:\users\thinkpad\desktop\my\myscript\misc\iis_backdoor\x64\debug\windowsproject4.ilk
c:\users\thinkpad\desktop\my\myscript\misc\iis_backdoor\windowsproject4\x64\debug\windowsproject4.tlog\cl.command.1.tlog
c:\users\thinkpad\desktop\my\myscript\misc\iis_backdoor\windowsproject4\x64\debug\windowsproject4.tlog\cl.read.1.tlog
c:\users\thinkpad\desktop\my\myscript\misc\iis_backdoor\windowsproject4\x64\debug\windowsproject4.tlog\cl.write.1.tlog
c:\users\thinkpad\desktop\my\myscript\misc\iis_backdoor\windowsproject4\x64\debug\windowsproject4.tlog\link.command.1.tlog
c:\users\thinkpad\desktop\my\myscript\misc\iis_backdoor\windowsproject4\x64\debug\windowsproject4.tlog\link.read.1.tlog
c:\users\thinkpad\desktop\my\myscript\misc\iis_backdoor\windowsproject4\x64\debug\windowsproject4.tlog\link.write.1.tlog
c:\users\thinkpad\desktop\my\myscript\misc\iis_backdoor\windowsproject4\x64\debug\windowsproject4.tlog\rc.command.1.tlog
c:\users\thinkpad\desktop\my\myscript\misc\iis_backdoor\windowsproject4\x64\debug\windowsproject4.tlog\rc.read.1.tlog
c:\users\thinkpad\desktop\my\myscript\misc\iis_backdoor\windowsproject4\x64\debug\windowsproject4.tlog\rc.write.1.tlog
c:\users\thinkpad\desktop\my\myscript\misc\iis_backdoor\windowsproject4\x64\debug\windowsproject4.tlog\windowsproject4.write.1u.tlog
