  main.cpp
c:\users\thinkpad\source\repos\shadow-copy-2\vss2\main.cpp(28): warning C4477: “fprintf”: 格式字符串“%s”需要类型“char *”的参数，但可变参数 1 拥有了类型“const TCHAR *”
  c:\users\thinkpad\source\repos\shadow-copy-2\vss2\main.cpp(28): note: 请考虑在格式字符串中使用“%ls”
  c:\users\thinkpad\source\repos\shadow-copy-2\vss2\main.cpp(28): note: 请考虑在格式字符串中使用“%lls”
  c:\users\thinkpad\source\repos\shadow-copy-2\vss2\main.cpp(28): note: 请考虑在格式字符串中使用“%Ls”
  c:\users\thinkpad\source\repos\shadow-copy-2\vss2\main.cpp(28): note: 请考虑在格式字符串中使用“%ws”
c:\users\thinkpad\source\repos\shadow-copy-2\vss2\main.cpp(32): warning C4477: “fprintf”: 格式字符串“%s”需要类型“char *”的参数，但可变参数 1 拥有了类型“const TCHAR *”
  c:\users\thinkpad\source\repos\shadow-copy-2\vss2\main.cpp(32): note: 请考虑在格式字符串中使用“%ls”
  c:\users\thinkpad\source\repos\shadow-copy-2\vss2\main.cpp(32): note: 请考虑在格式字符串中使用“%lls”
  c:\users\thinkpad\source\repos\shadow-copy-2\vss2\main.cpp(32): note: 请考虑在格式字符串中使用“%Ls”
  c:\users\thinkpad\source\repos\shadow-copy-2\vss2\main.cpp(32): note: 请考虑在格式字符串中使用“%ws”
c:\users\thinkpad\source\repos\shadow-copy-2\vss2\main.cpp(36): warning C4477: “fprintf”: 格式字符串“%s”需要类型“char *”的参数，但可变参数 1 拥有了类型“const TCHAR *”
  c:\users\thinkpad\source\repos\shadow-copy-2\vss2\main.cpp(36): note: 请考虑在格式字符串中使用“%ls”
  c:\users\thinkpad\source\repos\shadow-copy-2\vss2\main.cpp(36): note: 请考虑在格式字符串中使用“%lls”
  c:\users\thinkpad\source\repos\shadow-copy-2\vss2\main.cpp(36): note: 请考虑在格式字符串中使用“%Ls”
  c:\users\thinkpad\source\repos\shadow-copy-2\vss2\main.cpp(36): note: 请考虑在格式字符串中使用“%ws”
c:\users\thinkpad\source\repos\shadow-copy-2\vss2\main.cpp(40): warning C4477: “fprintf”: 格式字符串“%s”需要类型“char *”的参数，但可变参数 1 拥有了类型“const TCHAR *”
  c:\users\thinkpad\source\repos\shadow-copy-2\vss2\main.cpp(40): note: 请考虑在格式字符串中使用“%ls”
  c:\users\thinkpad\source\repos\shadow-copy-2\vss2\main.cpp(40): note: 请考虑在格式字符串中使用“%lls”
  c:\users\thinkpad\source\repos\shadow-copy-2\vss2\main.cpp(40): note: 请考虑在格式字符串中使用“%Ls”
  c:\users\thinkpad\source\repos\shadow-copy-2\vss2\main.cpp(40): note: 请考虑在格式字符串中使用“%ws”
c:\users\thinkpad\source\repos\shadow-copy-2\vss2\main.cpp(42): warning C4477: “fprintf”: 格式字符串“%s”需要类型“char *”的参数，但可变参数 1 拥有了类型“const TCHAR *”
  c:\users\thinkpad\source\repos\shadow-copy-2\vss2\main.cpp(42): note: 请考虑在格式字符串中使用“%ls”
  c:\users\thinkpad\source\repos\shadow-copy-2\vss2\main.cpp(42): note: 请考虑在格式字符串中使用“%lls”
  c:\users\thinkpad\source\repos\shadow-copy-2\vss2\main.cpp(42): note: 请考虑在格式字符串中使用“%Ls”
  c:\users\thinkpad\source\repos\shadow-copy-2\vss2\main.cpp(42): note: 请考虑在格式字符串中使用“%ws”
c:\users\thinkpad\source\repos\shadow-copy-2\vss2\main.cpp(45): warning C4477: “fprintf”: 格式字符串“%s”需要类型“char *”的参数，但可变参数 1 拥有了类型“const TCHAR *”
  c:\users\thinkpad\source\repos\shadow-copy-2\vss2\main.cpp(45): note: 请考虑在格式字符串中使用“%ls”
  c:\users\thinkpad\source\repos\shadow-copy-2\vss2\main.cpp(45): note: 请考虑在格式字符串中使用“%lls”
  c:\users\thinkpad\source\repos\shadow-copy-2\vss2\main.cpp(45): note: 请考虑在格式字符串中使用“%Ls”
  c:\users\thinkpad\source\repos\shadow-copy-2\vss2\main.cpp(45): note: 请考虑在格式字符串中使用“%ws”
c:\users\thinkpad\source\repos\shadow-copy-2\vss2\main.cpp(49): warning C4477: “fprintf”: 格式字符串“%s”需要类型“char *”的参数，但可变参数 1 拥有了类型“const TCHAR *”
  c:\users\thinkpad\source\repos\shadow-copy-2\vss2\main.cpp(49): note: 请考虑在格式字符串中使用“%ls”
  c:\users\thinkpad\source\repos\shadow-copy-2\vss2\main.cpp(49): note: 请考虑在格式字符串中使用“%lls”
  c:\users\thinkpad\source\repos\shadow-copy-2\vss2\main.cpp(49): note: 请考虑在格式字符串中使用“%Ls”
  c:\users\thinkpad\source\repos\shadow-copy-2\vss2\main.cpp(49): note: 请考虑在格式字符串中使用“%ws”
c:\users\thinkpad\source\repos\shadow-copy-2\vss2\main.cpp(54): warning C4477: “fprintf”: 格式字符串“%s”需要类型“char *”的参数，但可变参数 1 拥有了类型“const TCHAR *”
  c:\users\thinkpad\source\repos\shadow-copy-2\vss2\main.cpp(54): note: 请考虑在格式字符串中使用“%ls”
  c:\users\thinkpad\source\repos\shadow-copy-2\vss2\main.cpp(54): note: 请考虑在格式字符串中使用“%lls”
  c:\users\thinkpad\source\repos\shadow-copy-2\vss2\main.cpp(54): note: 请考虑在格式字符串中使用“%Ls”
  c:\users\thinkpad\source\repos\shadow-copy-2\vss2\main.cpp(54): note: 请考虑在格式字符串中使用“%ws”
c:\users\thinkpad\source\repos\shadow-copy-2\vss2\main.cpp(58): warning C4477: “fprintf”: 格式字符串“%s”需要类型“char *”的参数，但可变参数 1 拥有了类型“const TCHAR *”
  c:\users\thinkpad\source\repos\shadow-copy-2\vss2\main.cpp(58): note: 请考虑在格式字符串中使用“%ls”
  c:\users\thinkpad\source\repos\shadow-copy-2\vss2\main.cpp(58): note: 请考虑在格式字符串中使用“%lls”
  c:\users\thinkpad\source\repos\shadow-copy-2\vss2\main.cpp(58): note: 请考虑在格式字符串中使用“%Ls”
  c:\users\thinkpad\source\repos\shadow-copy-2\vss2\main.cpp(58): note: 请考虑在格式字符串中使用“%ws”
c:\users\thinkpad\source\repos\shadow-copy-2\vss2\main.cpp(61): warning C4477: “fprintf”: 格式字符串“%s”需要类型“char *”的参数，但可变参数 1 拥有了类型“const TCHAR *”
  c:\users\thinkpad\source\repos\shadow-copy-2\vss2\main.cpp(61): note: 请考虑在格式字符串中使用“%ls”
  c:\users\thinkpad\source\repos\shadow-copy-2\vss2\main.cpp(61): note: 请考虑在格式字符串中使用“%lls”
  c:\users\thinkpad\source\repos\shadow-copy-2\vss2\main.cpp(61): note: 请考虑在格式字符串中使用“%Ls”
  c:\users\thinkpad\source\repos\shadow-copy-2\vss2\main.cpp(61): note: 请考虑在格式字符串中使用“%ws”
c:\users\thinkpad\source\repos\shadow-copy-2\vss2\main.cpp(63): warning C4477: “fprintf”: 格式字符串“%s”需要类型“char *”的参数，但可变参数 1 拥有了类型“const TCHAR *”
  c:\users\thinkpad\source\repos\shadow-copy-2\vss2\main.cpp(63): note: 请考虑在格式字符串中使用“%ls”
  c:\users\thinkpad\source\repos\shadow-copy-2\vss2\main.cpp(63): note: 请考虑在格式字符串中使用“%lls”
  c:\users\thinkpad\source\repos\shadow-copy-2\vss2\main.cpp(63): note: 请考虑在格式字符串中使用“%Ls”
  c:\users\thinkpad\source\repos\shadow-copy-2\vss2\main.cpp(63): note: 请考虑在格式字符串中使用“%ws”
c:\users\thinkpad\source\repos\shadow-copy-2\vss2\main.cpp(66): warning C4477: “fprintf”: 格式字符串“%s”需要类型“char *”的参数，但可变参数 1 拥有了类型“const TCHAR *”
  c:\users\thinkpad\source\repos\shadow-copy-2\vss2\main.cpp(66): note: 请考虑在格式字符串中使用“%ls”
  c:\users\thinkpad\source\repos\shadow-copy-2\vss2\main.cpp(66): note: 请考虑在格式字符串中使用“%lls”
  c:\users\thinkpad\source\repos\shadow-copy-2\vss2\main.cpp(66): note: 请考虑在格式字符串中使用“%Ls”
  c:\users\thinkpad\source\repos\shadow-copy-2\vss2\main.cpp(66): note: 请考虑在格式字符串中使用“%ws”
c:\users\thinkpad\source\repos\shadow-copy-2\vss2\main.cpp(68): warning C4477: “fprintf”: 格式字符串“%s”需要类型“char *”的参数，但可变参数 1 拥有了类型“const TCHAR *”
  c:\users\thinkpad\source\repos\shadow-copy-2\vss2\main.cpp(68): note: 请考虑在格式字符串中使用“%ls”
  c:\users\thinkpad\source\repos\shadow-copy-2\vss2\main.cpp(68): note: 请考虑在格式字符串中使用“%lls”
  c:\users\thinkpad\source\repos\shadow-copy-2\vss2\main.cpp(68): note: 请考虑在格式字符串中使用“%Ls”
  c:\users\thinkpad\source\repos\shadow-copy-2\vss2\main.cpp(68): note: 请考虑在格式字符串中使用“%ws”
c:\users\thinkpad\source\repos\shadow-copy-2\vss2\main.cpp(75): warning C4477: “fprintf”: 格式字符串“%s”需要类型“char *”的参数，但可变参数 1 拥有了类型“const TCHAR *”
  c:\users\thinkpad\source\repos\shadow-copy-2\vss2\main.cpp(75): note: 请考虑在格式字符串中使用“%ls”
  c:\users\thinkpad\source\repos\shadow-copy-2\vss2\main.cpp(75): note: 请考虑在格式字符串中使用“%lls”
  c:\users\thinkpad\source\repos\shadow-copy-2\vss2\main.cpp(75): note: 请考虑在格式字符串中使用“%Ls”
  c:\users\thinkpad\source\repos\shadow-copy-2\vss2\main.cpp(75): note: 请考虑在格式字符串中使用“%ws”
c:\users\thinkpad\source\repos\shadow-copy-2\vss2\main.cpp(103): warning C4477: “fprintf”: 格式字符串“%s”需要类型“char *”的参数，但可变参数 1 拥有了类型“const TCHAR *”
  c:\users\thinkpad\source\repos\shadow-copy-2\vss2\main.cpp(103): note: 请考虑在格式字符串中使用“%ls”
  c:\users\thinkpad\source\repos\shadow-copy-2\vss2\main.cpp(103): note: 请考虑在格式字符串中使用“%lls”
  c:\users\thinkpad\source\repos\shadow-copy-2\vss2\main.cpp(103): note: 请考虑在格式字符串中使用“%Ls”
  c:\users\thinkpad\source\repos\shadow-copy-2\vss2\main.cpp(103): note: 请考虑在格式字符串中使用“%ws”
c:\users\thinkpad\source\repos\shadow-copy-2\vss2\main.cpp(108): warning C4477: “fprintf”: 格式字符串“%s”需要类型“char *”的参数，但可变参数 1 拥有了类型“const TCHAR *”
  c:\users\thinkpad\source\repos\shadow-copy-2\vss2\main.cpp(108): note: 请考虑在格式字符串中使用“%ls”
  c:\users\thinkpad\source\repos\shadow-copy-2\vss2\main.cpp(108): note: 请考虑在格式字符串中使用“%lls”
  c:\users\thinkpad\source\repos\shadow-copy-2\vss2\main.cpp(108): note: 请考虑在格式字符串中使用“%Ls”
  c:\users\thinkpad\source\repos\shadow-copy-2\vss2\main.cpp(108): note: 请考虑在格式字符串中使用“%ws”
c:\users\thinkpad\source\repos\shadow-copy-2\vss2\main.cpp(111): warning C4477: “fprintf”: 格式字符串“%s”需要类型“char *”的参数，但可变参数 1 拥有了类型“const TCHAR *”
  c:\users\thinkpad\source\repos\shadow-copy-2\vss2\main.cpp(111): note: 请考虑在格式字符串中使用“%ls”
  c:\users\thinkpad\source\repos\shadow-copy-2\vss2\main.cpp(111): note: 请考虑在格式字符串中使用“%lls”
  c:\users\thinkpad\source\repos\shadow-copy-2\vss2\main.cpp(111): note: 请考虑在格式字符串中使用“%Ls”
  c:\users\thinkpad\source\repos\shadow-copy-2\vss2\main.cpp(111): note: 请考虑在格式字符串中使用“%ws”
  vss2.vcxproj -> C:\Users\ThinkPad\source\repos\Shadow-copy-2\x64\Debug\vss2.exe
